# JRE version: OpenJDK Runtime Environment JBR-21.0.9+10-1038.76-nomod (21.0.9+10) (build 21.0.9+10-b1038.76)
# Java VM: OpenJDK 64-Bit Server VM JBR-21.0.9+10-1038.76-nomod (21.0.9+10-b1038.76, mixed mode, sharing, tiered, compressed oops, compressed class ptrs, g1 gc, bsd-aarch64)
GC Precious Log:
 CardTable entry size: 512
 Card Set container configuration: InlinePtr #cards 4 size 8 Array Of Cards #cards 16 size 48 Howl #buckets 8 coarsen threshold 3686 Howl Bitmap #cards 512 size 80 coarsen threshold 460 Card regions per heap region 1 cards per card region 4096
 CPUs: 10 total, 10 available
 Memory: 16384M
 Large Page Support: Disabled
 NUMA Support: Disabled
 Compressed Oops: Enabled (Zero based)
 Heap Region Size: 2M
 Heap Min Capacity: 8M
 Heap Initial Capacity: 256M
 Heap Max Capacity: 4G
 Pre-touch: Disabled
 Parallel Workers: 9
 Concurrent Workers: 2
 Concurrent Refinement Workers: 9
 Periodic GC: Disabled
Heap:
 garbage-first heap   total 69632K, used 33050K [0x00000004d5000000, 0x00000005d5000000)
  region size 2048K, 12 young (24576K), 3 survivors (6144K)
 Metaspace       used 33646K, committed 34112K, reserved 1114112K
  class space    used 4013K, committed 4160K, reserved 1048576K
GC Heap History (8 events):
Event: 0.268 GC heap before
{Heap before GC invocations=0 (full 0):
 garbage-first heap   total 266240K, used 24740K [0x00000004d5000000, 0x00000005d5000000)
  region size 2048K, 11 young (22528K), 0 survivors (0K)
 Metaspace       used 3317K, committed 3520K, reserved 1114112K
  class space    used 294K, committed 384K, reserved 1048576K
}
Event: 0.269 GC heap after
{Heap after GC invocations=1 (full 0):
 garbage-first heap   total 266240K, used 13469K [0x00000004d5000000, 0x00000005d5000000)
  region size 2048K, 2 young (4096K), 2 survivors (4096K)
 Metaspace       used 3317K, committed 3520K, reserved 1114112K
  class space    used 294K, committed 384K, reserved 1048576K
}
Event: 0.404 GC heap before
{Heap before GC invocations=1 (full 0):
 garbage-first heap   total 266240K, used 29853K [0x00000004d5000000, 0x00000005d5000000)
  region size 2048K, 11 young (22528K), 2 survivors (4096K)
 Metaspace       used 8674K, committed 8896K, reserved 1114112K
  class space    used 741K, committed 832K, reserved 1048576K
}
Event: 0.405 GC heap after
{Heap after GC invocations=2 (full 0):
 garbage-first heap   total 266240K, used 13932K [0x00000004d5000000, 0x00000005d5000000)
  region size 2048K, 1 young (2048K), 1 survivors (2048K)
 Metaspace       used 8674K, committed 8896K, reserved 1114112K
  class space    used 741K, committed 832K, reserved 1048576K
}
Event: 0.771 GC heap before
{Heap before GC invocations=2 (full 0):
 garbage-first heap   total 266240K, used 48748K [0x00000004d5000000, 0x00000005d5000000)
  region size 2048K, 18 young (36864K), 1 survivors (2048K)
 Metaspace       used 21241K, committed 21504K, reserved 1114112K
  class space    used 2263K, committed 2368K, reserved 1048576K
}
Event: 0.772 GC heap after
{Heap after GC invocations=3 (full 0):
 garbage-first heap   total 266240K, used 15942K [0x00000004d5000000, 0x00000005d5000000)
  region size 2048K, 2 young (4096K), 2 survivors (4096K)
 Metaspace       used 21241K, committed 21504K, reserved 1114112K
  class space    used 2263K, committed 2368K, reserved 1048576K
}
Event: 1.145 GC heap before
{Heap before GC invocations=4 (full 0):
 garbage-first heap   total 69632K, used 50758K [0x00000004d5000000, 0x00000005d5000000)
  region size 2048K, 20 young (40960K), 2 survivors (4096K)
 Metaspace       used 29989K, committed 30400K, reserved 1114112K
  class space    used 3525K, committed 3712K, reserved 1048576K
}
Event: 1.147 GC heap after
{Heap after GC invocations=5 (full 0):
 garbage-first heap   total 69632K, used 18714K [0x00000004d5000000, 0x00000005d5000000)
  region size 2048K, 3 young (6144K), 3 survivors (6144K)
 Metaspace       used 29989K, committed 30400K, reserved 1114112K
  class space    used 3525K, committed 3712K, reserved 1048576K
}

