# JRE version: OpenJDK Runtime Environment JBR-21.0.9+10-1038.76-nomod (21.0.9+10) (build 21.0.9+10-b1038.76)
# Java VM: OpenJDK 64-Bit Server VM JBR-21.0.9+10-1038.76-nomod (21.0.9+10-b1038.76, mixed mode, sharing, tiered, compressed oops, compressed class ptrs, g1 gc, bsd-aarch64)
GC Precious Log:
 CardTable entry size: 512
 Card Set container configuration: InlinePtr #cards 4 size 8 Array Of Cards #cards 16 size 48 Howl #buckets 8 coarsen threshold 3686 Howl Bitmap #cards 512 size 80 coarsen threshold 460 Card regions per heap region 1 cards per card region 4096
 CPUs: 10 total, 10 available
 Memory: 16384M
 Large Page Support: Disabled
 NUMA Support: Disabled
 Compressed Oops: Enabled (Zero based)
 Heap Region Size: 2M
 Heap Min Capacity: 8M
 Heap Initial Capacity: 256M
 Heap Max Capacity: 4G
 Pre-touch: Disabled
 Parallel Workers: 9
 Concurrent Workers: 2
 Concurrent Refinement Workers: 9
 Periodic GC: Disabled
Heap:
 garbage-first heap   total 69632K, used 38451K [0x0000000700000000, 0x0000000800000000)
  region size 2048K, 10 young (20480K), 3 survivors (6144K)
 Metaspace       used 54012K, committed 54528K, reserved 1114112K
  class space    used 6251K, committed 6464K, reserved 1048576K
GC Heap History (18 events):
Event: 0.312 GC heap before
{Heap before GC invocations=0 (full 0):
 garbage-first heap   total 266240K, used 24740K [0x0000000700000000, 0x0000000800000000)
  region size 2048K, 11 young (22528K), 0 survivors (0K)
 Metaspace       used 3320K, committed 3520K, reserved 1114112K
  class space    used 294K, committed 384K, reserved 1048576K
}
Event: 0.314 GC heap after
{Heap after GC invocations=1 (full 0):
 garbage-first heap   total 266240K, used 13283K [0x0000000700000000, 0x0000000800000000)
  region size 2048K, 2 young (4096K), 2 survivors (4096K)
 Metaspace       used 3320K, committed 3520K, reserved 1114112K
  class space    used 294K, committed 384K, reserved 1048576K
}
Event: 0.450 GC heap before
{Heap before GC invocations=1 (full 0):
 garbage-first heap   total 266240K, used 29667K [0x0000000700000000, 0x0000000800000000)
  region size 2048K, 11 young (22528K), 2 survivors (4096K)
 Metaspace       used 8673K, committed 8896K, reserved 1114112K
  class space    used 741K, committed 832K, reserved 1048576K
}
Event: 0.451 GC heap after
{Heap after GC invocations=2 (full 0):
 garbage-first heap   total 266240K, used 14204K [0x0000000700000000, 0x0000000800000000)
  region size 2048K, 1 young (2048K), 1 survivors (2048K)
 Metaspace       used 8673K, committed 8896K, reserved 1114112K
  class space    used 741K, committed 832K, reserved 1048576K
}
Event: 0.863 GC heap before
{Heap before GC invocations=2 (full 0):
 garbage-first heap   total 266240K, used 49020K [0x0000000700000000, 0x0000000800000000)
  region size 2048K, 18 young (36864K), 1 survivors (2048K)
 Metaspace       used 21258K, committed 21504K, reserved 1114112K
  class space    used 2262K, committed 2368K, reserved 1048576K
}
Event: 0.865 GC heap after
{Heap after GC invocations=3 (full 0):
 garbage-first heap   total 266240K, used 16157K [0x0000000700000000, 0x0000000800000000)
  region size 2048K, 2 young (4096K), 2 survivors (4096K)
 Metaspace       used 21258K, committed 21504K, reserved 1114112K
  class space    used 2262K, committed 2368K, reserved 1048576K
}
Event: 1.273 GC heap before
{Heap before GC invocations=4 (full 0):
 garbage-first heap   total 69632K, used 53021K [0x0000000700000000, 0x0000000800000000)
  region size 2048K, 20 young (40960K), 2 survivors (4096K)
 Metaspace       used 29879K, committed 30272K, reserved 1114112K
  class space    used 3519K, committed 3712K, reserved 1048576K
}
Event: 1.276 GC heap after
{Heap after GC invocations=5 (full 0):
 garbage-first heap   total 69632K, used 18823K [0x0000000700000000, 0x0000000800000000)
  region size 2048K, 3 young (6144K), 3 survivors (6144K)
 Metaspace       used 29879K, committed 30272K, reserved 1114112K
  class space    used 3519K, committed 3712K, reserved 1048576K
}
Event: 1.406 GC heap before
{Heap before GC invocations=5 (full 0):
 garbage-first heap   total 69632K, used 45447K [0x0000000700000000, 0x0000000800000000)
  region size 2048K, 17 young (34816K), 3 survivors (6144K)
 Metaspace       used 35660K, committed 36096K, reserved 1114112K
  class space    used 4262K, committed 4416K, reserved 1048576K
}
Event: 1.409 GC heap after
{Heap after GC invocations=6 (full 0):
 garbage-first heap   total 69632K, used 22101K [0x0000000700000000, 0x0000000800000000)
  region size 2048K, 3 young (6144K), 3 survivors (6144K)
 Metaspace       used 35660K, committed 36096K, reserved 1114112K
  class space    used 4262K, committed 4416K, reserved 1048576K
}
Event: 1.419 GC heap before
{Heap before GC invocations=6 (full 0):
 garbage-first heap   total 69632K, used 22101K [0x0000000700000000, 0x0000000800000000)
  region size 2048K, 4 young (8192K), 3 survivors (6144K)
 Metaspace       used 35983K, committed 36416K, reserved 1114112K
  class space    used 4308K, committed 4480K, reserved 1048576K
}
Event: 1.421 GC heap after
{Heap after GC invocations=7 (full 0):
 garbage-first heap   total 69632K, used 22951K [0x0000000700000000, 0x0000000800000000)
  region size 2048K, 1 young (2048K), 1 survivors (2048K)
 Metaspace       used 35983K, committed 36416K, reserved 1114112K
  class space    used 4308K, committed 4480K, reserved 1048576K
}
Event: 1.655 GC heap before
{Heap before GC invocations=8 (full 0):
 garbage-first heap   total 69632K, used 53671K [0x0000000700000000, 0x0000000800000000)
  region size 2048K, 16 young (32768K), 1 survivors (2048K)
 Metaspace       used 43709K, committed 44288K, reserved 1114112K
  class space    used 5209K, committed 5440K, reserved 1048576K
}
Event: 1.656 GC heap after
{Heap after GC invocations=9 (full 0):
 garbage-first heap   total 69632K, used 23454K [0x0000000700000000, 0x0000000800000000)
  region size 2048K, 1 young (2048K), 1 survivors (2048K)
 Metaspace       used 43709K, committed 44288K, reserved 1114112K
  class space    used 5209K, committed 5440K, reserved 1048576K
}
Event: 6.960 GC heap before
{Heap before GC invocations=9 (full 0):
 garbage-first heap   total 69632K, used 56222K [0x0000000700000000, 0x0000000800000000)
  region size 2048K, 17 young (34816K), 1 survivors (2048K)
 Metaspace       used 47864K, committed 48320K, reserved 1114112K
  class space    used 5443K, committed 5632K, reserved 1048576K
}
Event: 6.964 GC heap after
{Heap after GC invocations=10 (full 0):
 garbage-first heap   total 69632K, used 26344K [0x0000000700000000, 0x0000000800000000)
  region size 2048K, 3 young (6144K), 3 survivors (6144K)
 Metaspace       used 47864K, committed 48320K, reserved 1114112K
  class space    used 5443K, committed 5632K, reserved 1048576K
}
Event: 15.588 GC heap before
{Heap before GC invocations=10 (full 0):
 garbage-first heap   total 69632K, used 55016K [0x0000000700000000, 0x0000000800000000)
  region size 2048K, 18 young (36864K), 3 survivors (6144K)
 Metaspace       used 51044K, committed 51584K, reserved 1114112K
  class space    used 5883K, committed 6080K, reserved 1048576K
}
Event: 15.591 GC heap after
{Heap after GC invocations=11 (full 0):
 garbage-first heap   total 69632K, used 28211K [0x0000000700000000, 0x0000000800000000)
  region size 2048K, 3 young (6144K), 3 survivors (6144K)
 Metaspace       used 51044K, committed 51584K, reserved 1114112K
  class space    used 5883K, committed 6080K, reserved 1048576K
}

